<?xml version="1.0" encoding="UTF-8"?>
<!-- Generated by org.testng.reporters.JUnitXMLReporter -->
<testsuite ignored="0" hostname="LAPTOP-7T734GLV" failures="0" tests="3" name="Default test" time="23.377" errors="0" timestamp="2025-04-21T08:39:56 IST">
  <testcase classname="tests.DoubleClickTest" name="doubleClickMethod" time="0.506"/>
  <testcase classname="tests.DoubleClickTest" name="doubleClickMethod" time="0.385"/>
  <testcase classname="tests.DoubleClickTest" name="doubleClickMethod" time="0.363"/>
</testsuite> <!-- Default test -->
