<?xml version="1.0" encoding="UTF-8"?>
<!-- Generated by org.testng.reporters.JUnitXMLReporter -->
<testsuite ignored="0" hostname="ANKIT-SYS" failures="0" tests="6" name="Test" time="43.597" errors="0" timestamp="2025-04-17T08:42:07 IST">
  <testcase classname="tests.NewTabTest" name="newTab" time="0.274"/>
  <testcase classname="tests.DoubleClickTest" name="doubleClickMethod" time="0.005"/>
  <testcase classname="tests.GenderRadioButtonTest" name="validateGenderRadioButtonTest" time="0.379"/>
  <testcase classname="tests.AlertsAndPopupsTest" name="alertandPopUp" time="4.858"/>
  <testcase classname="tests.MouseHoverTest" name="validateMouseHover" time="0.003"/>
  <testcase classname="tests.GUIElementsTest" name="validateGUIElements" time="0.671"/>
</testsuite> <!-- Test -->
