<?xml version="1.0" encoding="UTF-8"?>
<!-- Generated by org.testng.reporters.JUnitXMLReporter -->
<testsuite ignored="9" hostname="LAPTOP-7T734GLV" failures="0" tests="2" name="Test" time="19.886" errors="0" timestamp="2025-04-21T09:11:13 IST">
  <testcase classname="tests.TabsTest" name="tabTestMethod" time="2.942"/>
  <testcase classname="tests.DoubleClickTest" name="doubleClickMethod" time="0.363"/>
  <testcase classname="tests.ColoursSelectionTest" name="ColoursSelectionMethod" time="0.0">
    <ignored/>
  </testcase> <!-- ColoursSelectionMethod -->
  <testcase classname="tests.AlertsAndPopupsTest" name="alertandPopUp" time="0.0">
    <ignored/>
  </testcase> <!-- alertandPopUp -->
  <testcase classname="tests.SortedListTest" name="sortedListTestMethod" time="0.0">
    <ignored/>
  </testcase> <!-- sortedListTestMethod -->
  <testcase classname="tests.CountryDropDownTest" name="validateCountryDropDown" time="0.0">
    <ignored/>
  </testcase> <!-- validateCountryDropDown -->
  <testcase classname="tests.GUIElementsTest" name="validateGUIElements" time="0.0">
    <ignored/>
  </testcase> <!-- validateGUIElements -->
  <testcase classname="tests.DatePickerFieldTest" name="datePickerFieldMethod" time="0.0">
    <ignored/>
  </testcase> <!-- datePickerFieldMethod -->
  <testcase classname="tests.GenderRadioButtonTest" name="validateGenderRadioButtonTest" time="0.0">
    <ignored/>
  </testcase> <!-- validateGenderRadioButtonTest -->
  <testcase classname="tests.MouseHoverTest" name="validateMouseHover" time="0.0">
    <ignored/>
  </testcase> <!-- validateMouseHover -->
  <testcase classname="tests.NewTabTest" name="popWinMethod" time="0.0">
    <ignored/>
  </testcase> <!-- popWinMethod -->
</testsuite> <!-- Test -->
