<?xml version="1.0" encoding="UTF-8"?>
<testng-results ignored="0" total="1" passed="1" failed="0" skipped="0">
  <reporter-output>
  </reporter-output>
  <suite started-at="2025-04-15T13:12:34 IST" name="Default suite" finished-at="2025-04-15T13:12:42 IST" duration-ms="8118">
    <groups>
    </groups>
    <test started-at="2025-04-15T13:12:34 IST" name="Default test" finished-at="2025-04-15T13:12:42 IST" duration-ms="8118">
      <class name="tests.GUIElementsTest">
        <test-method is-config="true" signature="setup()[pri:0, instance:tests.GUIElementsTest@515aebb0]" started-at="2025-04-15T13:12:34 IST" name="setup" finished-at="2025-04-15T13:12:41 IST" duration-ms="7110" status="PASS">
          <reporter-output>
          </reporter-output>
        </test-method> <!-- setup -->
        <test-method signature="validateGUIElements()[pri:0, instance:tests.GUIElementsTest@515aebb0]" started-at="2025-04-15T13:12:41 IST" name="validateGUIElements" finished-at="2025-04-15T13:12:42 IST" duration-ms="747" status="PASS">
          <reporter-output>
          </reporter-output>
        </test-method> <!-- validateGUIElements -->
        <test-method is-config="true" signature="teardown()[pri:0, instance:tests.GUIElementsTest@515aebb0]" started-at="2025-04-15T13:12:42 IST" name="teardown" finished-at="2025-04-15T13:12:42 IST" duration-ms="206" status="PASS">
          <reporter-output>
          </reporter-output>
        </test-method> <!-- teardown -->
      </class> <!-- tests.GUIElementsTest -->
    </test> <!-- Default test -->
  </suite> <!-- Default suite -->
</testng-results>
