<?xml version="1.0" encoding="UTF-8"?>
<testng-results ignored="0" total="1" passed="1" failed="0" skipped="0">
  <reporter-output>
  </reporter-output>
  <suite started-at="2025-04-12T17:22:40 IST" name="Default suite" finished-at="2025-04-12T17:22:52 IST" duration-ms="11925">
    <groups>
    </groups>
    <test started-at="2025-04-12T17:22:40 IST" name="Default test" finished-at="2025-04-12T17:22:52 IST" duration-ms="11925">
      <class name="tests.GUIElementsTest">
        <test-method is-config="true" signature="setup()[pri:0, instance:tests.GUIElementsTest@72bc6553]" started-at="2025-04-12T17:22:40 IST" name="setup" finished-at="2025-04-12T17:22:52 IST" duration-ms="11551" status="PASS">
          <reporter-output>
          </reporter-output>
        </test-method> <!-- setup -->
        <test-method signature="validateGUIElements()[pri:0, instance:tests.GUIElementsTest@72bc6553]" started-at="2025-04-12T17:22:52 IST" name="validateGUIElements" finished-at="2025-04-12T17:22:52 IST" duration-ms="113" status="PASS">
          <reporter-output>
          </reporter-output>
        </test-method> <!-- validateGUIElements -->
        <test-method is-config="true" signature="teardown()[pri:0, instance:tests.GUIElementsTest@72bc6553]" started-at="2025-04-12T17:22:52 IST" name="teardown" finished-at="2025-04-12T17:22:52 IST" duration-ms="218" status="PASS">
          <reporter-output>
          </reporter-output>
        </test-method> <!-- teardown -->
      </class> <!-- tests.GUIElementsTest -->
    </test> <!-- Default test -->
  </suite> <!-- Default suite -->
</testng-results>
